2025-04-08 18:42:12.716142 - Received CBT.V508.FILE1027.PDS from FILE1027.XMI 
2025-04-08 18:42:12.718342 - Found $$$#DATE.txt (text/plain) in CBT.V508.FILE1027.PDS, moved to PDS/$$$#DATE
2025-04-08 18:42:12.719089 - Found $$NOTE01.txt (text/plain) in CBT.V508.FILE1027.PDS, moved to PDS/$$NOTE01
2025-04-08 18:42:12.719705 - Found @FIL1027.txt (text/plain) in CBT.V508.FILE1027.PDS, moved to PDS/@FIL1027
2025-04-08 18:42:12.720330 - Found BOOK.xmi (application/xmit) in CBT.V508.FILE1027.PDS, moved to PDS/BOOK.xmi
2025-04-08 18:42:12.808637 - Received A041696.DDNAME.XMITFIL1 from BOOK.xmi 
2025-04-08 18:42:12.810332 - Found A011049.txt (text/plain) in A041696.DDNAME.XMITFIL1, moved to BOOK/A011049
2025-04-08 18:42:12.810934 - Found A037889.txt (text/plain) in A041696.DDNAME.XMITFIL1, moved to BOOK/A037889
2025-04-08 18:42:12.811595 - Found A041194.txt (text/plain) in A041696.DDNAME.XMITFIL1, moved to BOOK/A041194
2025-04-08 18:42:12.812186 - Found A041696.txt (text/plain) in A041696.DDNAME.XMITFIL1, moved to BOOK/A041696
2025-04-08 18:42:12.812759 - Found A057259.txt (text/plain) in A041696.DDNAME.XMITFIL1, moved to BOOK/A057259
2025-04-08 18:42:12.813300 - Found A058097.txt (text/plain) in A041696.DDNAME.XMITFIL1, moved to BOOK/A058097
2025-04-08 18:42:12.813896 - Found A058173.txt (text/plain) in A041696.DDNAME.XMITFIL1, moved to BOOK/A058173
2025-04-08 18:42:12.814403 - Found A067281.txt (text/plain) in A041696.DDNAME.XMITFIL1, moved to BOOK/A067281
2025-04-08 18:42:12.815035 - Found DOC.txt (text/plain) in A041696.DDNAME.XMITFIL1, moved to BOOK/DOC
2025-04-08 18:42:12.815610 - Found JCL.jcl (text/plain) in A041696.DDNAME.XMITFIL1, moved to BOOK/JCL
2025-04-08 18:42:12.816212 - Found README.txt (text/plain) in A041696.DDNAME.XMITFIL1, moved to BOOK/README
2025-04-08 18:42:12.816840 - Found RFD002.txt (text/plain) in A041696.DDNAME.XMITFIL1, moved to BOOK/RFD002
2025-04-08 18:42:12.817463 - Found SAMPLE.txt (text/plain) in A041696.DDNAME.XMITFIL1, moved to BOOK/SAMPLE
2025-04-08 18:42:12.818104 - Found ZFRAME.txt (text/plain) in A041696.DDNAME.XMITFIL1, moved to BOOK/ZFRAME
2025-04-08 18:42:12.819110 - Found INSTALL.txt (text/plain) in CBT.V508.FILE1027.PDS, moved to PDS/INSTALL
2025-04-08 18:42:12.819706 - Found MMAIL.rexx (text/plain) in CBT.V508.FILE1027.PDS, moved to PDS/MMAIL
2025-04-08 18:42:12.820235 - Found PRINTJCL.jcl (text/plain) in CBT.V508.FILE1027.PDS, moved to PDS/PRINTJCL
2025-04-08 18:42:12.820741 - Found README.txt (text/plain) in CBT.V508.FILE1027.PDS, moved to PDS/README
2025-04-08 18:42:12.821383 - Found README1.txt (text/plain) in CBT.V508.FILE1027.PDS, moved to PDS/README1
2025-04-08 18:42:12.821938 - Found SDSFMAIL.rexx (text/plain) in CBT.V508.FILE1027.PDS, moved to PDS/SDSFMAIL
2025-04-08 18:42:12.822434 - Found XMAIL.rexx (text/plain) in CBT.V508.FILE1027.PDS, moved to PDS/XMAIL
